<?xml version="1.0" encoding="UTF-8"?>
<!-- Generated by org.testng.reporters.JUnitXMLReporter -->
<testsuite ignored="0" hostname="DESKTOP-GRNHF46" failures="0" tests="3" name="Default test" time="27.36" errors="0" timestamp="2025-03-07T14:00:54 IST">
  <testcase classname="rahulshettyacademy.tests.StandAloneTest" name="submitOrder" time="4.496"/>
  <testcase classname="rahulshettyacademy.tests.StandAloneTest" name="submitOrder" time="5.02"/>
  <testcase classname="rahulshettyacademy.tests.StandAloneTest" name="OrderHistoryTest" time="1.628"/>
</testsuite> <!-- Default test -->
