<?xml version="1.0" encoding="UTF-8"?>
<!-- Generated by org.testng.reporters.JUnitXMLReporter -->
<testsuite ignored="0" hostname="DESKTOP-GRNHF46" failures="0" tests="2" name="Error Validations Test" time="13.639" errors="0" timestamp="2025-03-10T14:26:03 IST">
  <testcase classname="rahulshettyacademy.tests.ErrorValidationsTest" name="loginErrorValidation" time="1.215"/>
  <testcase classname="rahulshettyacademy.tests.ErrorValidationsTest" name="productErrorValidation" time="3.308"/>
</testsuite> <!-- Error Validations Test -->
