<?xml version="1.0" encoding="UTF-8"?>
<!-- Generated by org.testng.reporters.JUnitXMLReporter -->
<testsuite ignored="0" hostname="DESKTOP-GRNHF46" failures="0" tests="4" name="Submit Order Test" time="42.251" errors="0" timestamp="2025-03-10T14:25:49 IST">
  <testcase classname="rahulshettyacademy.tests.StandAloneTest" name="submitOrder" time="4.699"/>
  <testcase classname="rahulshettyacademy.tests.StandAloneTest" name="submitOrder" time="4.995"/>
  <testcase classname="rahulshettyacademy.tests.StandAloneTest" name="submitOrder" time="4.787"/>
  <testcase classname="rahulshettyacademy.tests.StandAloneTest" name="OrderHistoryTest" time="1.328"/>
</testsuite> <!-- Submit Order Test -->
