<?xml version="1.0" encoding="UTF-8"?>
<testng-results ignored="0" total="6" passed="6" failed="0" skipped="0">
  <reporter-output>
  </reporter-output>
  <suite started-at="2025-03-10T14:25:06 IST" name="Suite" finished-at="2025-03-10T14:26:03 IST" duration-ms="56679">
    <groups>
      <group name="ErrorHandling">
        <method signature="ErrorValidationsTest.loginErrorValidation()[pri:0, instance:rahulshettyacademy.tests.ErrorValidationsTest@4d9ac0b4]" name="loginErrorValidation" class="rahulshettyacademy.tests.ErrorValidationsTest"/>
        <method signature="ErrorValidationsTest.productErrorValidation()[pri:0, instance:rahulshettyacademy.tests.ErrorValidationsTest@4d9ac0b4]" name="productErrorValidation" class="rahulshettyacademy.tests.ErrorValidationsTest"/>
      </group> <!-- ErrorHandling -->
      <group name="Purchase">
        <method signature="StandAloneTest.submitOrder(java.util.HashMap)[pri:0, instance:rahulshettyacademy.tests.StandAloneTest@6c0d9d86]" name="submitOrder" class="rahulshettyacademy.tests.StandAloneTest"/>
      </group> <!-- Purchase -->
    </groups>
    <test started-at="2025-03-10T14:25:06 IST" name="Submit Order Test" finished-at="2025-03-10T14:25:49 IST" duration-ms="42251">
      <class name="rahulshettyacademy.tests.StandAloneTest">
        <test-method is-config="true" signature="launchApplication()[pri:0, instance:rahulshettyacademy.tests.StandAloneTest@6c0d9d86]" started-at="2025-03-10T14:25:07 IST" name="launchApplication" finished-at="2025-03-10T14:25:18 IST" duration-ms="10581" status="PASS">
          <reporter-output>
          </reporter-output>
        </test-method> <!-- launchApplication -->
        <test-method signature="submitOrder(java.util.HashMap)[pri:0, instance:rahulshettyacademy.tests.StandAloneTest@6c0d9d86]" started-at="2025-03-10T14:25:18 IST" name="submitOrder" data-provider="getData" finished-at="2025-03-10T14:25:22 IST" duration-ms="4699" status="PASS">
          <params>
            <param index="0">
              <value>
                <![CDATA[{password=Pratik@12345, product=ZARA COAT 3, email=pratiksingh@gmail.com}]]>
              </value>
            </param>
          </params>
          <reporter-output>
          </reporter-output>
        </test-method> <!-- submitOrder -->
        <test-method is-config="true" signature="tearDown()[pri:0, instance:rahulshettyacademy.tests.StandAloneTest@6c0d9d86]" started-at="2025-03-10T14:25:22 IST" name="tearDown" finished-at="2025-03-10T14:25:23 IST" duration-ms="295" status="PASS">
          <reporter-output>
          </reporter-output>
        </test-method> <!-- tearDown -->
        <test-method is-config="true" signature="launchApplication()[pri:0, instance:rahulshettyacademy.tests.StandAloneTest@6c0d9d86]" started-at="2025-03-10T14:25:23 IST" name="launchApplication" finished-at="2025-03-10T14:25:27 IST" duration-ms="4434" status="PASS">
          <reporter-output>
          </reporter-output>
        </test-method> <!-- launchApplication -->
        <test-method signature="submitOrder(java.util.HashMap)[pri:0, instance:rahulshettyacademy.tests.StandAloneTest@6c0d9d86]" started-at="2025-03-10T14:25:27 IST" name="submitOrder" data-provider="getData" finished-at="2025-03-10T14:25:32 IST" duration-ms="4995" status="PASS">
          <params>
            <param index="0">
              <value>
                <![CDATA[{password=Vedansh@12345, product=ADIDAS ORIGINAL, email=vedanshsingh@gmail.com}]]>
              </value>
            </param>
          </params>
          <reporter-output>
          </reporter-output>
        </test-method> <!-- submitOrder -->
        <test-method is-config="true" signature="tearDown()[pri:0, instance:rahulshettyacademy.tests.StandAloneTest@6c0d9d86]" started-at="2025-03-10T14:25:32 IST" name="tearDown" finished-at="2025-03-10T14:25:32 IST" duration-ms="256" status="PASS">
          <reporter-output>
          </reporter-output>
        </test-method> <!-- tearDown -->
        <test-method is-config="true" signature="launchApplication()[pri:0, instance:rahulshettyacademy.tests.StandAloneTest@6c0d9d86]" started-at="2025-03-10T14:25:32 IST" name="launchApplication" finished-at="2025-03-10T14:25:36 IST" duration-ms="3959" status="PASS">
          <reporter-output>
          </reporter-output>
        </test-method> <!-- launchApplication -->
        <test-method signature="submitOrder(java.util.HashMap)[pri:0, instance:rahulshettyacademy.tests.StandAloneTest@6c0d9d86]" started-at="2025-03-10T14:25:36 IST" name="submitOrder" data-provider="getData" finished-at="2025-03-10T14:25:41 IST" duration-ms="4787" status="PASS">
          <params>
            <param index="0">
              <value>
                <![CDATA[{password=Pratik@12345, product=IPHONE 13 PRO, email=pratiksingh@gmail.com}]]>
              </value>
            </param>
          </params>
          <reporter-output>
          </reporter-output>
        </test-method> <!-- submitOrder -->
        <test-method is-config="true" signature="tearDown()[pri:0, instance:rahulshettyacademy.tests.StandAloneTest@6c0d9d86]" started-at="2025-03-10T14:25:41 IST" name="tearDown" finished-at="2025-03-10T14:25:41 IST" duration-ms="224" status="PASS">
          <reporter-output>
          </reporter-output>
        </test-method> <!-- tearDown -->
        <test-method is-config="true" signature="launchApplication()[pri:0, instance:rahulshettyacademy.tests.StandAloneTest@6c0d9d86]" started-at="2025-03-10T14:25:41 IST" name="launchApplication" finished-at="2025-03-10T14:25:47 IST" duration-ms="5786" status="PASS">
          <reporter-output>
          </reporter-output>
        </test-method> <!-- launchApplication -->
        <test-method signature="OrderHistoryTest()[pri:0, instance:rahulshettyacademy.tests.StandAloneTest@6c0d9d86]" started-at="2025-03-10T14:25:47 IST" name="OrderHistoryTest" finished-at="2025-03-10T14:25:48 IST" depends-on-methods="rahulshettyacademy.tests.StandAloneTest.submitOrder" duration-ms="1328" status="PASS">
          <reporter-output>
          </reporter-output>
        </test-method> <!-- OrderHistoryTest -->
        <test-method is-config="true" signature="tearDown()[pri:0, instance:rahulshettyacademy.tests.StandAloneTest@6c0d9d86]" started-at="2025-03-10T14:25:49 IST" name="tearDown" finished-at="2025-03-10T14:25:49 IST" duration-ms="224" status="PASS">
          <reporter-output>
          </reporter-output>
        </test-method> <!-- tearDown -->
      </class> <!-- rahulshettyacademy.tests.StandAloneTest -->
    </test> <!-- Submit Order Test -->
    <test started-at="2025-03-10T14:25:50 IST" name="Error Validations Test" finished-at="2025-03-10T14:26:03 IST" duration-ms="13639">
      <class name="rahulshettyacademy.tests.ErrorValidationsTest">
        <test-method is-config="true" signature="launchApplication()[pri:0, instance:rahulshettyacademy.tests.ErrorValidationsTest@4d9ac0b4]" started-at="2025-03-10T14:25:50 IST" name="launchApplication" finished-at="2025-03-10T14:25:54 IST" duration-ms="4193" status="PASS">
          <reporter-output>
          </reporter-output>
        </test-method> <!-- launchApplication -->
        <test-method signature="loginErrorValidation()[pri:0, instance:rahulshettyacademy.tests.ErrorValidationsTest@4d9ac0b4]" started-at="2025-03-10T14:25:54 IST" name="loginErrorValidation" finished-at="2025-03-10T14:25:55 IST" duration-ms="1215" status="PASS">
          <reporter-output>
          </reporter-output>
        </test-method> <!-- loginErrorValidation -->
        <test-method is-config="true" signature="tearDown()[pri:0, instance:rahulshettyacademy.tests.ErrorValidationsTest@4d9ac0b4]" started-at="2025-03-10T14:25:55 IST" name="tearDown" finished-at="2025-03-10T14:25:55 IST" duration-ms="214" status="PASS">
          <reporter-output>
          </reporter-output>
        </test-method> <!-- tearDown -->
        <test-method is-config="true" signature="launchApplication()[pri:0, instance:rahulshettyacademy.tests.ErrorValidationsTest@4d9ac0b4]" started-at="2025-03-10T14:25:55 IST" name="launchApplication" finished-at="2025-03-10T14:26:00 IST" duration-ms="4465" status="PASS">
          <reporter-output>
          </reporter-output>
        </test-method> <!-- launchApplication -->
        <test-method signature="productErrorValidation()[pri:0, instance:rahulshettyacademy.tests.ErrorValidationsTest@4d9ac0b4]" started-at="2025-03-10T14:26:00 IST" name="productErrorValidation" finished-at="2025-03-10T14:26:03 IST" duration-ms="3308" status="PASS">
          <reporter-output>
          </reporter-output>
        </test-method> <!-- productErrorValidation -->
        <test-method is-config="true" signature="tearDown()[pri:0, instance:rahulshettyacademy.tests.ErrorValidationsTest@4d9ac0b4]" started-at="2025-03-10T14:26:03 IST" name="tearDown" finished-at="2025-03-10T14:26:03 IST" duration-ms="229" status="PASS">
          <reporter-output>
          </reporter-output>
        </test-method> <!-- tearDown -->
      </class> <!-- rahulshettyacademy.tests.ErrorValidationsTest -->
    </test> <!-- Error Validations Test -->
  </suite> <!-- Suite -->
</testng-results>
